<?xml version="1.0" encoding="UTF-8"?>
<coverage generated="1767301537630" clover="3.2.0">
  <project timestamp="1767301537630" name="All files">
    <metrics statements="49" coveredstatements="48" conditionals="15" coveredconditionals="14" methods="15" coveredmethods="15" elements="79" coveredelements="77" complexity="0" loc="49" ncloc="49" packages="3" files="6" classes="6"/>
    <package name="adapters.crypter">
      <metrics statements="22" coveredstatements="21" conditionals="7" coveredconditionals="6" methods="6" coveredmethods="6"/>
      <file name="base64.crypter.ts" path="/home/garddian/PhpstormProjects/riot_test/src/adapters/crypter/base64.crypter.ts">
        <metrics statements="22" coveredstatements="21" conditionals="7" coveredconditionals="6" methods="6" coveredmethods="6"/>
        <line num="2" count="4" type="stmt"/>
        <line num="5" count="4" type="stmt"/>
        <line num="7" count="4" type="stmt"/>
        <line num="8" count="4" type="stmt"/>
        <line num="11" count="6" type="stmt"/>
        <line num="12" count="6" type="stmt"/>
        <line num="15" count="12" type="stmt"/>
        <line num="16" count="12" type="cond" truecount="1" falsecount="1"/>
        <line num="18" count="12" type="stmt"/>
        <line num="20" count="0" type="stmt"/>
        <line num="22" count="12" type="stmt"/>
        <line num="27" count="14" type="stmt"/>
        <line num="29" count="14" type="stmt"/>
        <line num="33" count="36" type="stmt"/>
        <line num="34" count="36" type="stmt"/>
        <line num="36" count="36" type="stmt"/>
        <line num="37" count="60" type="stmt"/>
        <line num="38" count="60" type="cond" truecount="2" falsecount="0"/>
        <line num="39" count="24" type="stmt"/>
        <line num="41" count="36" type="stmt"/>
        <line num="45" count="36" type="stmt"/>
        <line num="49" count="72" type="stmt"/>
      </file>
    </package>
    <package name="core.application.use-cases">
      <metrics statements="24" coveredstatements="24" conditionals="8" coveredconditionals="8" methods="8" coveredmethods="8"/>
      <file name="decrypt.usecase.ts" path="/home/garddian/PhpstormProjects/riot_test/src/core/application/use-cases/decrypt.usecase.ts">
        <metrics statements="8" coveredstatements="8" conditionals="4" coveredconditionals="4" methods="2" coveredmethods="2"/>
        <line num="3" count="1" type="stmt"/>
        <line num="5" count="2" type="stmt"/>
        <line num="10" count="2" type="stmt"/>
        <line num="11" count="2" type="stmt"/>
        <line num="12" count="7" type="cond" truecount="4" falsecount="0"/>
        <line num="13" count="6" type="stmt"/>
        <line num="15" count="1" type="stmt"/>
        <line num="19" count="2" type="stmt"/>
      </file>
      <file name="encrypt.usecase.ts" path="/home/garddian/PhpstormProjects/riot_test/src/core/application/use-cases/encrypt.usecase.ts">
        <metrics statements="6" coveredstatements="6" conditionals="0" coveredconditionals="0" methods="2" coveredmethods="2"/>
        <line num="4" count="1" type="stmt"/>
        <line num="6" count="2" type="stmt"/>
        <line num="10" count="2" type="stmt"/>
        <line num="11" count="2" type="stmt"/>
        <line num="12" count="4" type="stmt"/>
        <line num="14" count="2" type="stmt"/>
      </file>
      <file name="sign.usecase.ts" path="/home/garddian/PhpstormProjects/riot_test/src/core/application/use-cases/sign.usecase.ts">
        <metrics statements="3" coveredstatements="3" conditionals="0" coveredconditionals="0" methods="2" coveredmethods="2"/>
        <line num="4" count="1" type="stmt"/>
        <line num="6" count="4" type="stmt"/>
        <line num="10" count="6" type="stmt"/>
      </file>
      <file name="verify.usecase.ts" path="/home/garddian/PhpstormProjects/riot_test/src/core/application/use-cases/verify.usecase.ts">
        <metrics statements="7" coveredstatements="7" conditionals="4" coveredconditionals="4" methods="2" coveredmethods="2"/>
        <line num="2" count="1" type="stmt"/>
        <line num="4" count="1" type="stmt"/>
        <line num="6" count="10" type="stmt"/>
        <line num="10" count="10" type="cond" truecount="4" falsecount="0"/>
        <line num="11" count="4" type="stmt"/>
        <line num="13" count="6" type="stmt"/>
        <line num="14" count="6" type="stmt"/>
      </file>
    </package>
    <package name="core.domain">
      <metrics statements="3" coveredstatements="3" conditionals="0" coveredconditionals="0" methods="1" coveredmethods="1"/>
      <file name="DomainError.ts" path="/home/garddian/PhpstormProjects/riot_test/src/core/domain/DomainError.ts">
        <metrics statements="3" coveredstatements="3" conditionals="0" coveredconditionals="0" methods="1" coveredmethods="1"/>
        <line num="1" count="2" type="stmt"/>
        <line num="3" count="12" type="stmt"/>
        <line num="6" count="12" type="stmt"/>
      </file>
    </package>
  </project>
</coverage>
