<?xml version="1.0" encoding="UTF-8"?>
<coverage generated="1767138521716" clover="3.2.0">
  <project timestamp="1767138521716" name="All files">
    <metrics statements="49" coveredstatements="43" conditionals="21" coveredconditionals="18" methods="14" coveredmethods="12" elements="84" coveredelements="73" complexity="0" loc="49" ncloc="49" packages="3" files="5" classes="5"/>
    <package name="adapters.crypter">
      <metrics statements="23" coveredstatements="21" conditionals="7" coveredconditionals="6" methods="7" coveredmethods="6"/>
      <file name="base64.crypter.ts" path="/home/garddian/PhpstormProjects/riot_test/src/adapters/crypter/base64.crypter.ts">
        <metrics statements="23" coveredstatements="21" conditionals="7" coveredconditionals="6" methods="7" coveredmethods="6"/>
        <line num="2" count="3" type="stmt"/>
        <line num="5" count="3" type="stmt"/>
        <line num="7" count="3" type="stmt"/>
        <line num="8" count="3" type="stmt"/>
        <line num="11" count="6" type="stmt"/>
        <line num="12" count="6" type="stmt"/>
        <line num="15" count="3" type="stmt"/>
        <line num="16" count="3" type="cond" truecount="1" falsecount="1"/>
        <line num="18" count="3" type="stmt"/>
        <line num="20" count="0" type="stmt"/>
        <line num="22" count="3" type="stmt"/>
        <line num="25" count="0" type="stmt"/>
        <line num="30" count="7" type="stmt"/>
        <line num="32" count="7" type="stmt"/>
        <line num="36" count="6" type="stmt"/>
        <line num="37" count="6" type="stmt"/>
        <line num="39" count="6" type="stmt"/>
        <line num="40" count="15" type="stmt"/>
        <line num="41" count="15" type="cond" truecount="2" falsecount="0"/>
        <line num="42" count="3" type="stmt"/>
        <line num="44" count="12" type="stmt"/>
        <line num="48" count="6" type="stmt"/>
        <line num="52" count="18" type="stmt"/>
      </file>
    </package>
    <package name="core.application.use-cases">
      <metrics statements="23" coveredstatements="21" conditionals="14" coveredconditionals="12" methods="6" coveredmethods="6"/>
      <file name="decrypt.usecase.ts" path="/home/garddian/PhpstormProjects/riot_test/src/core/application/use-cases/decrypt.usecase.ts">
        <metrics statements="8" coveredstatements="8" conditionals="4" coveredconditionals="4" methods="2" coveredmethods="2"/>
        <line num="3" count="1" type="stmt"/>
        <line num="5" count="2" type="stmt"/>
        <line num="10" count="2" type="stmt"/>
        <line num="11" count="2" type="stmt"/>
        <line num="12" count="7" type="cond" truecount="4" falsecount="0"/>
        <line num="13" count="6" type="stmt"/>
        <line num="15" count="1" type="stmt"/>
        <line num="19" count="2" type="stmt"/>
      </file>
      <file name="encrypt.usecase.ts" path="/home/garddian/PhpstormProjects/riot_test/src/core/application/use-cases/encrypt.usecase.ts">
        <metrics statements="9" coveredstatements="8" conditionals="5" coveredconditionals="4" methods="2" coveredmethods="2"/>
        <line num="2" count="1" type="stmt"/>
        <line num="4" count="1" type="stmt"/>
        <line num="6" count="1" type="stmt"/>
        <line num="10" count="1" type="cond" truecount="4" falsecount="1"/>
        <line num="11" count="0" type="stmt"/>
        <line num="13" count="1" type="stmt"/>
        <line num="14" count="1" type="stmt"/>
        <line num="15" count="3" type="stmt"/>
        <line num="17" count="1" type="stmt"/>
      </file>
      <file name="sign.usecase.ts" path="/home/garddian/PhpstormProjects/riot_test/src/core/application/use-cases/sign.usecase.ts">
        <metrics statements="6" coveredstatements="5" conditionals="5" coveredconditionals="4" methods="2" coveredmethods="2"/>
        <line num="2" count="1" type="stmt"/>
        <line num="4" count="1" type="stmt"/>
        <line num="6" count="2" type="stmt"/>
        <line num="10" count="3" type="cond" truecount="4" falsecount="1"/>
        <line num="11" count="0" type="stmt"/>
        <line num="13" count="3" type="stmt"/>
      </file>
    </package>
    <package name="core.domain">
      <metrics statements="3" coveredstatements="1" conditionals="0" coveredconditionals="0" methods="1" coveredmethods="0"/>
      <file name="DomainError.ts" path="/home/garddian/PhpstormProjects/riot_test/src/core/domain/DomainError.ts">
        <metrics statements="3" coveredstatements="1" conditionals="0" coveredconditionals="0" methods="1" coveredmethods="0"/>
        <line num="1" count="2" type="stmt"/>
        <line num="3" count="0" type="stmt"/>
        <line num="6" count="0" type="stmt"/>
      </file>
    </package>
  </project>
</coverage>
