{"/home/garddian/PhpstormProjects/riot_test/src/adapters/crypter/base64.crypter.ts": {"path":"/home/garddian/PhpstormProjects/riot_test/src/adapters/crypter/base64.crypter.ts","statementMap":{"0":{"start":{"line":2,"column":0},"end":{"line":2,"column":44}},"1":{"start":{"line":5,"column":7},"end":{"line":55,"column":null}},"2":{"start":{"line":7,"column":21},"end":{"line":7,"column":41}},"3":{"start":{"line":8,"column":8},"end":{"line":8,"column":60}},"4":{"start":{"line":11,"column":28},"end":{"line":11,"column":73}},"5":{"start":{"line":12,"column":8},"end":{"line":12,"column":39}},"6":{"start":{"line":15,"column":19},"end":{"line":15,"column":21}},"7":{"start":{"line":16,"column":8},"end":{"line":21,"column":9}},"8":{"start":{"line":18,"column":12},"end":{"line":18,"column":61}},"9":{"start":{"line":20,"column":12},"end":{"line":20,"column":42}},"10":{"start":{"line":22,"column":8},"end":{"line":22,"column":60}},"11":{"start":{"line":27,"column":12},"end":{"line":27,"column":78}},"12":{"start":{"line":29,"column":8},"end":{"line":29,"column":39}},"13":{"start":{"line":33,"column":27},"end":{"line":33,"column":50}},"14":{"start":{"line":34,"column":51},"end":{"line":34,"column":53}},"15":{"start":{"line":36,"column":8},"end":{"line":43,"column":9}},"16":{"start":{"line":37,"column":26},"end":{"line":37,"column":34}},"17":{"start":{"line":38,"column":12},"end":{"line":42,"column":13}},"18":{"start":{"line":39,"column":16},"end":{"line":39,"column":58}},"19":{"start":{"line":41,"column":16},"end":{"line":41,"column":42}},"20":{"start":{"line":45,"column":8},"end":{"line":45,"column":25}},"21":{"start":{"line":49,"column":8},"end":{"line":53,"column":10}},"22":{"start":{"line":5,"column":13},"end":{"line":5,"column":26}},"23":{"start":{"line":5,"column":13},"end":{"line":55,"column":null}}},"fnMap":{"0":{"name":"(anonymous_1)","decl":{"start":{"line":6,"column":4},"end":{"line":6,"column":11}},"loc":{"start":{"line":6,"column":25},"end":{"line":9,"column":5}}},"1":{"name":"(anonymous_2)","decl":{"start":{"line":10,"column":4},"end":{"line":10,"column":11}},"loc":{"start":{"line":10,"column":25},"end":{"line":13,"column":5}}},"2":{"name":"(anonymous_3)","decl":{"start":{"line":14,"column":4},"end":{"line":14,"column":8}},"loc":{"start":{"line":14,"column":24},"end":{"line":23,"column":5}}},"3":{"name":"(anonymous_4)","decl":{"start":{"line":25,"column":4},"end":{"line":25,"column":13}},"loc":{"start":{"line":25,"column":27},"end":{"line":30,"column":5}}},"4":{"name":"(anonymous_5)","decl":{"start":{"line":32,"column":4},"end":{"line":32,"column":16}},"loc":{"start":{"line":32,"column":45},"end":{"line":46,"column":5}}},"5":{"name":"(anonymous_6)","decl":{"start":{"line":48,"column":4},"end":{"line":48,"column":12}},"loc":{"start":{"line":48,"column":27},"end":{"line":54,"column":5}}}},"branchMap":{"0":{"loc":{"start":{"line":16,"column":8},"end":{"line":21,"column":9}},"type":"if","locations":[{"start":{"line":16,"column":8},"end":{"line":21,"column":9}},{"start":{"line":19,"column":15},"end":{"line":21,"column":9}}]},"1":{"loc":{"start":{"line":38,"column":12},"end":{"line":42,"column":13}},"type":"if","locations":[{"start":{"line":38,"column":12},"end":{"line":42,"column":13}},{"start":{"line":40,"column":19},"end":{"line":42,"column":13}}]},"2":{"loc":{"start":{"line":50,"column":12},"end":{"line":52,"column":33}},"type":"binary-expr","locations":[{"start":{"line":50,"column":12},"end":{"line":50,"column":37}},{"start":{"line":51,"column":12},"end":{"line":51,"column":26}},{"start":{"line":52,"column":12},"end":{"line":52,"column":33}}]}},"s":{"0":4,"1":4,"2":4,"3":4,"4":6,"5":6,"6":12,"7":12,"8":12,"9":0,"10":12,"11":14,"12":14,"13":36,"14":36,"15":36,"16":60,"17":60,"18":24,"19":36,"20":36,"21":72,"22":4,"23":4},"f":{"0":4,"1":6,"2":12,"3":14,"4":36,"5":72},"b":{"0":[12,0],"1":[24,36],"2":[72,36,36]}}
,"/home/garddian/PhpstormProjects/riot_test/src/core/application/use-cases/decrypt.usecase.ts": {"path":"/home/garddian/PhpstormProjects/riot_test/src/core/application/use-cases/decrypt.usecase.ts","statementMap":{"0":{"start":{"line":5,"column":25},"end":{"line":5,"column":41}},"1":{"start":{"line":10,"column":42},"end":{"line":10,"column":44}},"2":{"start":{"line":11,"column":8},"end":{"line":18,"column":9}},"3":{"start":{"line":12,"column":12},"end":{"line":16,"column":13}},"4":{"start":{"line":13,"column":16},"end":{"line":13,"column":68}},"5":{"start":{"line":15,"column":16},"end":{"line":15,"column":48}},"6":{"start":{"line":19,"column":8},"end":{"line":19,"column":30}},"7":{"start":{"line":3,"column":0},"end":{"line":3,"column":13}}},"fnMap":{"0":{"name":"(anonymous_0)","decl":{"start":{"line":4,"column":4},"end":{"line":4,"column":null}},"loc":{"start":{"line":5,"column":41},"end":{"line":6,"column":8}}},"1":{"name":"(anonymous_1)","decl":{"start":{"line":8,"column":4},"end":{"line":8,"column":9}},"loc":{"start":{"line":8,"column":34},"end":{"line":20,"column":5}}}},"branchMap":{"0":{"loc":{"start":{"line":12,"column":12},"end":{"line":16,"column":13}},"type":"if","locations":[{"start":{"line":12,"column":12},"end":{"line":16,"column":13}},{"start":{"line":14,"column":19},"end":{"line":16,"column":13}}]},"1":{"loc":{"start":{"line":12,"column":15},"end":{"line":12,"column":87}},"type":"binary-expr","locations":[{"start":{"line":12,"column":15},"end":{"line":12,"column":44}},{"start":{"line":12,"column":48},"end":{"line":12,"column":87}}]}},"s":{"0":2,"1":2,"2":2,"3":7,"4":6,"5":1,"6":2,"7":1},"f":{"0":2,"1":2},"b":{"0":[6,1],"1":[7,7]}}
,"/home/garddian/PhpstormProjects/riot_test/src/core/application/use-cases/encrypt.usecase.ts": {"path":"/home/garddian/PhpstormProjects/riot_test/src/core/application/use-cases/encrypt.usecase.ts","statementMap":{"0":{"start":{"line":6,"column":25},"end":{"line":6,"column":41}},"1":{"start":{"line":10,"column":42},"end":{"line":10,"column":44}},"2":{"start":{"line":11,"column":8},"end":{"line":13,"column":9}},"3":{"start":{"line":12,"column":12},"end":{"line":12,"column":64}},"4":{"start":{"line":14,"column":8},"end":{"line":14,"column":30}},"5":{"start":{"line":4,"column":0},"end":{"line":4,"column":13}}},"fnMap":{"0":{"name":"(anonymous_0)","decl":{"start":{"line":5,"column":4},"end":{"line":5,"column":null}},"loc":{"start":{"line":6,"column":41},"end":{"line":7,"column":8}}},"1":{"name":"(anonymous_1)","decl":{"start":{"line":9,"column":4},"end":{"line":9,"column":9}},"loc":{"start":{"line":9,"column":34},"end":{"line":15,"column":5}}}},"branchMap":{},"s":{"0":2,"1":2,"2":2,"3":4,"4":2,"5":1},"f":{"0":2,"1":2},"b":{}}
,"/home/garddian/PhpstormProjects/riot_test/src/core/application/use-cases/sign.usecase.ts": {"path":"/home/garddian/PhpstormProjects/riot_test/src/core/application/use-cases/sign.usecase.ts","statementMap":{"0":{"start":{"line":6,"column":25},"end":{"line":6,"column":41}},"1":{"start":{"line":10,"column":8},"end":{"line":12,"column":10}},"2":{"start":{"line":4,"column":0},"end":{"line":4,"column":13}}},"fnMap":{"0":{"name":"(anonymous_0)","decl":{"start":{"line":5,"column":4},"end":{"line":5,"column":null}},"loc":{"start":{"line":6,"column":41},"end":{"line":7,"column":8}}},"1":{"name":"(anonymous_1)","decl":{"start":{"line":9,"column":4},"end":{"line":9,"column":9}},"loc":{"start":{"line":9,"column":34},"end":{"line":13,"column":5}}}},"branchMap":{},"s":{"0":4,"1":6,"2":1},"f":{"0":4,"1":6},"b":{}}
,"/home/garddian/PhpstormProjects/riot_test/src/core/application/use-cases/verify.usecase.ts": {"path":"/home/garddian/PhpstormProjects/riot_test/src/core/application/use-cases/verify.usecase.ts","statementMap":{"0":{"start":{"line":2,"column":0},"end":{"line":2,"column":55}},"1":{"start":{"line":6,"column":25},"end":{"line":6,"column":41}},"2":{"start":{"line":10,"column":8},"end":{"line":12,"column":9}},"3":{"start":{"line":11,"column":12},"end":{"line":11,"column":98}},"4":{"start":{"line":13,"column":45},"end":{"line":13,"column":49}},"5":{"start":{"line":14,"column":8},"end":{"line":14,"column":59}},"6":{"start":{"line":4,"column":0},"end":{"line":4,"column":13}}},"fnMap":{"0":{"name":"(anonymous_0)","decl":{"start":{"line":5,"column":4},"end":{"line":5,"column":null}},"loc":{"start":{"line":6,"column":41},"end":{"line":7,"column":8}}},"1":{"name":"(anonymous_1)","decl":{"start":{"line":9,"column":4},"end":{"line":9,"column":9}},"loc":{"start":{"line":9,"column":34},"end":{"line":15,"column":5}}}},"branchMap":{"0":{"loc":{"start":{"line":10,"column":8},"end":{"line":12,"column":9}},"type":"if","locations":[{"start":{"line":10,"column":8},"end":{"line":12,"column":9}},{"start":{},"end":{}}]},"1":{"loc":{"start":{"line":10,"column":12},"end":{"line":10,"column":87}},"type":"binary-expr","locations":[{"start":{"line":10,"column":12},"end":{"line":10,"column":46}},{"start":{"line":10,"column":50},"end":{"line":10,"column":87}}]}},"s":{"0":1,"1":10,"2":10,"3":4,"4":6,"5":6,"6":1},"f":{"0":10,"1":10},"b":{"0":[4,6],"1":[10,7]}}
,"/home/garddian/PhpstormProjects/riot_test/src/core/domain/DomainError.ts": {"path":"/home/garddian/PhpstormProjects/riot_test/src/core/domain/DomainError.ts","statementMap":{"0":{"start":{"line":6,"column":8},"end":{"line":6,"column":23}},"1":{"start":{"line":3,"column":24},"end":{"line":3,"column":69}},"2":{"start":{"line":1,"column":0},"end":{"line":1,"column":13}}},"fnMap":{"0":{"name":"(anonymous_0)","decl":{"start":{"line":2,"column":4},"end":{"line":2,"column":null}},"loc":{"start":{"line":4,"column":23},"end":{"line":7,"column":5}}}},"branchMap":{},"s":{"0":12,"1":12,"2":2},"f":{"0":12},"b":{}}
}
