{"/home/garddian/PhpstormProjects/riot_test/src/adapters/crypter/base64.crypter.ts": {"path":"/home/garddian/PhpstormProjects/riot_test/src/adapters/crypter/base64.crypter.ts","statementMap":{"0":{"start":{"line":2,"column":0},"end":{"line":2,"column":44}},"1":{"start":{"line":5,"column":7},"end":{"line":58,"column":null}},"2":{"start":{"line":7,"column":21},"end":{"line":7,"column":41}},"3":{"start":{"line":8,"column":8},"end":{"line":8,"column":60}},"4":{"start":{"line":11,"column":28},"end":{"line":11,"column":73}},"5":{"start":{"line":12,"column":8},"end":{"line":12,"column":39}},"6":{"start":{"line":15,"column":19},"end":{"line":15,"column":21}},"7":{"start":{"line":16,"column":8},"end":{"line":21,"column":9}},"8":{"start":{"line":18,"column":12},"end":{"line":18,"column":61}},"9":{"start":{"line":20,"column":12},"end":{"line":20,"column":42}},"10":{"start":{"line":22,"column":8},"end":{"line":22,"column":60}},"11":{"start":{"line":25,"column":8},"end":{"line":25,"column":20}},"12":{"start":{"line":30,"column":12},"end":{"line":30,"column":78}},"13":{"start":{"line":32,"column":8},"end":{"line":32,"column":39}},"14":{"start":{"line":36,"column":27},"end":{"line":36,"column":50}},"15":{"start":{"line":37,"column":51},"end":{"line":37,"column":53}},"16":{"start":{"line":39,"column":8},"end":{"line":46,"column":9}},"17":{"start":{"line":40,"column":26},"end":{"line":40,"column":34}},"18":{"start":{"line":41,"column":12},"end":{"line":45,"column":13}},"19":{"start":{"line":42,"column":16},"end":{"line":42,"column":58}},"20":{"start":{"line":44,"column":16},"end":{"line":44,"column":42}},"21":{"start":{"line":48,"column":8},"end":{"line":48,"column":25}},"22":{"start":{"line":52,"column":8},"end":{"line":56,"column":10}},"23":{"start":{"line":5,"column":13},"end":{"line":5,"column":26}},"24":{"start":{"line":5,"column":13},"end":{"line":58,"column":null}}},"fnMap":{"0":{"name":"(anonymous_1)","decl":{"start":{"line":6,"column":4},"end":{"line":6,"column":11}},"loc":{"start":{"line":6,"column":25},"end":{"line":9,"column":5}}},"1":{"name":"(anonymous_2)","decl":{"start":{"line":10,"column":4},"end":{"line":10,"column":11}},"loc":{"start":{"line":10,"column":25},"end":{"line":13,"column":5}}},"2":{"name":"(anonymous_3)","decl":{"start":{"line":14,"column":4},"end":{"line":14,"column":8}},"loc":{"start":{"line":14,"column":24},"end":{"line":23,"column":5}}},"3":{"name":"(anonymous_4)","decl":{"start":{"line":24,"column":4},"end":{"line":24,"column":10}},"loc":{"start":{"line":24,"column":24},"end":{"line":26,"column":5}}},"4":{"name":"(anonymous_5)","decl":{"start":{"line":28,"column":4},"end":{"line":28,"column":13}},"loc":{"start":{"line":28,"column":27},"end":{"line":33,"column":5}}},"5":{"name":"(anonymous_6)","decl":{"start":{"line":35,"column":4},"end":{"line":35,"column":16}},"loc":{"start":{"line":35,"column":45},"end":{"line":49,"column":5}}},"6":{"name":"(anonymous_7)","decl":{"start":{"line":51,"column":4},"end":{"line":51,"column":12}},"loc":{"start":{"line":51,"column":27},"end":{"line":57,"column":5}}}},"branchMap":{"0":{"loc":{"start":{"line":16,"column":8},"end":{"line":21,"column":9}},"type":"if","locations":[{"start":{"line":16,"column":8},"end":{"line":21,"column":9}},{"start":{"line":19,"column":15},"end":{"line":21,"column":9}}]},"1":{"loc":{"start":{"line":41,"column":12},"end":{"line":45,"column":13}},"type":"if","locations":[{"start":{"line":41,"column":12},"end":{"line":45,"column":13}},{"start":{"line":43,"column":19},"end":{"line":45,"column":13}}]},"2":{"loc":{"start":{"line":53,"column":12},"end":{"line":55,"column":33}},"type":"binary-expr","locations":[{"start":{"line":53,"column":12},"end":{"line":53,"column":37}},{"start":{"line":54,"column":12},"end":{"line":54,"column":26}},{"start":{"line":55,"column":12},"end":{"line":55,"column":33}}]}},"s":{"0":3,"1":3,"2":3,"3":3,"4":6,"5":6,"6":3,"7":3,"8":3,"9":0,"10":3,"11":0,"12":7,"13":7,"14":6,"15":6,"16":6,"17":15,"18":15,"19":3,"20":12,"21":6,"22":18,"23":3,"24":3},"f":{"0":3,"1":6,"2":3,"3":0,"4":7,"5":6,"6":18},"b":{"0":[3,0],"1":[3,12],"2":[18,6,6]}}
,"/home/garddian/PhpstormProjects/riot_test/src/core/application/use-cases/decrypt.usecase.ts": {"path":"/home/garddian/PhpstormProjects/riot_test/src/core/application/use-cases/decrypt.usecase.ts","statementMap":{"0":{"start":{"line":5,"column":25},"end":{"line":5,"column":41}},"1":{"start":{"line":10,"column":42},"end":{"line":10,"column":44}},"2":{"start":{"line":11,"column":8},"end":{"line":18,"column":9}},"3":{"start":{"line":12,"column":12},"end":{"line":16,"column":13}},"4":{"start":{"line":13,"column":16},"end":{"line":13,"column":68}},"5":{"start":{"line":15,"column":16},"end":{"line":15,"column":48}},"6":{"start":{"line":19,"column":8},"end":{"line":19,"column":30}},"7":{"start":{"line":3,"column":0},"end":{"line":3,"column":13}}},"fnMap":{"0":{"name":"(anonymous_0)","decl":{"start":{"line":4,"column":4},"end":{"line":4,"column":null}},"loc":{"start":{"line":5,"column":41},"end":{"line":6,"column":8}}},"1":{"name":"(anonymous_1)","decl":{"start":{"line":8,"column":4},"end":{"line":8,"column":9}},"loc":{"start":{"line":8,"column":34},"end":{"line":20,"column":5}}}},"branchMap":{"0":{"loc":{"start":{"line":12,"column":12},"end":{"line":16,"column":13}},"type":"if","locations":[{"start":{"line":12,"column":12},"end":{"line":16,"column":13}},{"start":{"line":14,"column":19},"end":{"line":16,"column":13}}]},"1":{"loc":{"start":{"line":12,"column":15},"end":{"line":12,"column":87}},"type":"binary-expr","locations":[{"start":{"line":12,"column":15},"end":{"line":12,"column":44}},{"start":{"line":12,"column":48},"end":{"line":12,"column":87}}]}},"s":{"0":2,"1":2,"2":2,"3":7,"4":6,"5":1,"6":2,"7":1},"f":{"0":2,"1":2},"b":{"0":[6,1],"1":[7,7]}}
,"/home/garddian/PhpstormProjects/riot_test/src/core/application/use-cases/encrypt.usecase.ts": {"path":"/home/garddian/PhpstormProjects/riot_test/src/core/application/use-cases/encrypt.usecase.ts","statementMap":{"0":{"start":{"line":2,"column":0},"end":{"line":2,"column":55}},"1":{"start":{"line":6,"column":25},"end":{"line":6,"column":41}},"2":{"start":{"line":10,"column":8},"end":{"line":12,"column":9}},"3":{"start":{"line":11,"column":12},"end":{"line":11,"column":86}},"4":{"start":{"line":13,"column":42},"end":{"line":13,"column":44}},"5":{"start":{"line":14,"column":8},"end":{"line":16,"column":9}},"6":{"start":{"line":15,"column":12},"end":{"line":15,"column":64}},"7":{"start":{"line":17,"column":8},"end":{"line":17,"column":30}},"8":{"start":{"line":4,"column":0},"end":{"line":4,"column":13}}},"fnMap":{"0":{"name":"(anonymous_0)","decl":{"start":{"line":5,"column":4},"end":{"line":5,"column":null}},"loc":{"start":{"line":6,"column":41},"end":{"line":7,"column":8}}},"1":{"name":"(anonymous_1)","decl":{"start":{"line":9,"column":4},"end":{"line":9,"column":9}},"loc":{"start":{"line":9,"column":34},"end":{"line":18,"column":5}}}},"branchMap":{"0":{"loc":{"start":{"line":10,"column":8},"end":{"line":12,"column":9}},"type":"if","locations":[{"start":{"line":10,"column":8},"end":{"line":12,"column":9}},{"start":{},"end":{}}]},"1":{"loc":{"start":{"line":10,"column":12},"end":{"line":10,"column":76}},"type":"binary-expr","locations":[{"start":{"line":10,"column":12},"end":{"line":10,"column":36}},{"start":{"line":10,"column":40},"end":{"line":10,"column":53}},{"start":{"line":10,"column":57},"end":{"line":10,"column":76}}]}},"s":{"0":1,"1":1,"2":1,"3":0,"4":1,"5":1,"6":3,"7":1,"8":1},"f":{"0":1,"1":1},"b":{"0":[0,1],"1":[1,1,1]}}
,"/home/garddian/PhpstormProjects/riot_test/src/core/application/use-cases/sign.usecase.ts": {"path":"/home/garddian/PhpstormProjects/riot_test/src/core/application/use-cases/sign.usecase.ts","statementMap":{"0":{"start":{"line":2,"column":0},"end":{"line":2,"column":55}},"1":{"start":{"line":6,"column":25},"end":{"line":6,"column":41}},"2":{"start":{"line":10,"column":8},"end":{"line":12,"column":9}},"3":{"start":{"line":11,"column":12},"end":{"line":11,"column":86}},"4":{"start":{"line":13,"column":8},"end":{"line":15,"column":10}},"5":{"start":{"line":4,"column":0},"end":{"line":4,"column":13}}},"fnMap":{"0":{"name":"(anonymous_0)","decl":{"start":{"line":5,"column":4},"end":{"line":5,"column":null}},"loc":{"start":{"line":6,"column":41},"end":{"line":7,"column":8}}},"1":{"name":"(anonymous_1)","decl":{"start":{"line":9,"column":4},"end":{"line":9,"column":9}},"loc":{"start":{"line":9,"column":34},"end":{"line":16,"column":5}}}},"branchMap":{"0":{"loc":{"start":{"line":10,"column":8},"end":{"line":12,"column":9}},"type":"if","locations":[{"start":{"line":10,"column":8},"end":{"line":12,"column":9}},{"start":{},"end":{}}]},"1":{"loc":{"start":{"line":10,"column":12},"end":{"line":10,"column":76}},"type":"binary-expr","locations":[{"start":{"line":10,"column":12},"end":{"line":10,"column":36}},{"start":{"line":10,"column":40},"end":{"line":10,"column":53}},{"start":{"line":10,"column":57},"end":{"line":10,"column":76}}]}},"s":{"0":1,"1":2,"2":3,"3":0,"4":3,"5":1},"f":{"0":2,"1":3},"b":{"0":[0,3],"1":[3,3,3]}}
,"/home/garddian/PhpstormProjects/riot_test/src/core/domain/DomainError.ts": {"path":"/home/garddian/PhpstormProjects/riot_test/src/core/domain/DomainError.ts","statementMap":{"0":{"start":{"line":6,"column":8},"end":{"line":6,"column":23}},"1":{"start":{"line":3,"column":24},"end":{"line":3,"column":69}},"2":{"start":{"line":1,"column":0},"end":{"line":1,"column":13}}},"fnMap":{"0":{"name":"(anonymous_0)","decl":{"start":{"line":2,"column":4},"end":{"line":2,"column":null}},"loc":{"start":{"line":4,"column":23},"end":{"line":7,"column":5}}}},"branchMap":{},"s":{"0":0,"1":0,"2":2},"f":{"0":0},"b":{}}
}
