TN:
SF:src/adapters/crypter/base64.crypter.ts
FN:6,(anonymous_1)
FN:10,(anonymous_2)
FN:14,(anonymous_3)
FN:25,(anonymous_4)
FN:32,(anonymous_5)
FN:48,(anonymous_6)
FNF:6
FNH:6
FNDA:4,(anonymous_1)
FNDA:6,(anonymous_2)
FNDA:12,(anonymous_3)
FNDA:14,(anonymous_4)
FNDA:36,(anonymous_5)
FNDA:72,(anonymous_6)
DA:2,4
DA:5,4
DA:7,4
DA:8,4
DA:11,6
DA:12,6
DA:15,12
DA:16,12
DA:18,12
DA:20,0
DA:22,12
DA:27,14
DA:29,14
DA:33,36
DA:34,36
DA:36,36
DA:37,60
DA:38,60
DA:39,24
DA:41,36
DA:45,36
DA:49,72
LF:22
LH:21
BRDA:16,0,0,12
BRDA:16,0,1,0
BRDA:38,1,0,24
BRDA:38,1,1,36
BRDA:50,2,0,72
BRDA:50,2,1,36
BRDA:50,2,2,36
BRF:7
BRH:6
end_of_record
TN:
SF:src/core/application/use-cases/decrypt.usecase.ts
FN:4,(anonymous_0)
FN:8,(anonymous_1)
FNF:2
FNH:2
FNDA:2,(anonymous_0)
FNDA:2,(anonymous_1)
DA:3,1
DA:5,2
DA:10,2
DA:11,2
DA:12,7
DA:13,6
DA:15,1
DA:19,2
LF:8
LH:8
BRDA:12,0,0,6
BRDA:12,0,1,1
BRDA:12,1,0,7
BRDA:12,1,1,7
BRF:4
BRH:4
end_of_record
TN:
SF:src/core/application/use-cases/encrypt.usecase.ts
FN:5,(anonymous_0)
FN:9,(anonymous_1)
FNF:2
FNH:2
FNDA:2,(anonymous_0)
FNDA:2,(anonymous_1)
DA:4,1
DA:6,2
DA:10,2
DA:11,2
DA:12,4
DA:14,2
LF:6
LH:6
BRF:0
BRH:0
end_of_record
TN:
SF:src/core/application/use-cases/sign.usecase.ts
FN:5,(anonymous_0)
FN:9,(anonymous_1)
FNF:2
FNH:2
FNDA:4,(anonymous_0)
FNDA:6,(anonymous_1)
DA:4,1
DA:6,4
DA:10,6
LF:3
LH:3
BRF:0
BRH:0
end_of_record
TN:
SF:src/core/application/use-cases/verify.usecase.ts
FN:5,(anonymous_0)
FN:9,(anonymous_1)
FNF:2
FNH:2
FNDA:10,(anonymous_0)
FNDA:10,(anonymous_1)
DA:2,1
DA:4,1
DA:6,10
DA:10,10
DA:11,4
DA:13,6
DA:14,6
LF:7
LH:7
BRDA:10,0,0,4
BRDA:10,0,1,6
BRDA:10,1,0,10
BRDA:10,1,1,7
BRF:4
BRH:4
end_of_record
TN:
SF:src/core/domain/DomainError.ts
FN:2,(anonymous_0)
FNF:1
FNH:1
FNDA:12,(anonymous_0)
DA:1,2
DA:3,12
DA:6,12
LF:3
LH:3
BRF:0
BRH:0
end_of_record
