TN:
SF:src/adapters/crypter/base64.crypter.ts
FN:6,(anonymous_1)
FN:10,(anonymous_2)
FN:14,(anonymous_3)
FN:24,(anonymous_4)
FN:28,(anonymous_5)
FN:35,(anonymous_6)
FN:51,(anonymous_7)
FNF:7
FNH:6
FNDA:3,(anonymous_1)
FNDA:6,(anonymous_2)
FNDA:3,(anonymous_3)
FNDA:0,(anonymous_4)
FNDA:7,(anonymous_5)
FNDA:6,(anonymous_6)
FNDA:18,(anonymous_7)
DA:2,3
DA:5,3
DA:7,3
DA:8,3
DA:11,6
DA:12,6
DA:15,3
DA:16,3
DA:18,3
DA:20,0
DA:22,3
DA:25,0
DA:30,7
DA:32,7
DA:36,6
DA:37,6
DA:39,6
DA:40,15
DA:41,15
DA:42,3
DA:44,12
DA:48,6
DA:52,18
LF:23
LH:21
BRDA:16,0,0,3
BRDA:16,0,1,0
BRDA:41,1,0,3
BRDA:41,1,1,12
BRDA:53,2,0,18
BRDA:53,2,1,6
BRDA:53,2,2,6
BRF:7
BRH:6
end_of_record
TN:
SF:src/core/application/use-cases/decrypt.usecase.ts
FN:4,(anonymous_0)
FN:8,(anonymous_1)
FNF:2
FNH:2
FNDA:2,(anonymous_0)
FNDA:2,(anonymous_1)
DA:3,1
DA:5,2
DA:10,2
DA:11,2
DA:12,7
DA:13,6
DA:15,1
DA:19,2
LF:8
LH:8
BRDA:12,0,0,6
BRDA:12,0,1,1
BRDA:12,1,0,7
BRDA:12,1,1,7
BRF:4
BRH:4
end_of_record
TN:
SF:src/core/application/use-cases/encrypt.usecase.ts
FN:5,(anonymous_0)
FN:9,(anonymous_1)
FNF:2
FNH:2
FNDA:1,(anonymous_0)
FNDA:1,(anonymous_1)
DA:2,1
DA:4,1
DA:6,1
DA:10,1
DA:11,0
DA:13,1
DA:14,1
DA:15,3
DA:17,1
LF:9
LH:8
BRDA:10,0,0,0
BRDA:10,0,1,1
BRDA:10,1,0,1
BRDA:10,1,1,1
BRDA:10,1,2,1
BRF:5
BRH:4
end_of_record
TN:
SF:src/core/application/use-cases/sign.usecase.ts
FN:5,(anonymous_0)
FN:9,(anonymous_1)
FNF:2
FNH:2
FNDA:2,(anonymous_0)
FNDA:3,(anonymous_1)
DA:2,1
DA:4,1
DA:6,2
DA:10,3
DA:11,0
DA:13,3
LF:6
LH:5
BRDA:10,0,0,0
BRDA:10,0,1,3
BRDA:10,1,0,3
BRDA:10,1,1,3
BRDA:10,1,2,3
BRF:5
BRH:4
end_of_record
TN:
SF:src/core/domain/DomainError.ts
FN:2,(anonymous_0)
FNF:1
FNH:0
FNDA:0,(anonymous_0)
DA:1,2
DA:3,0
DA:6,0
LF:3
LH:1
BRF:0
BRH:0
end_of_record
